<?xml version="1.0" encoding="UTF-8"?>
<testng-results ignored="0" total="1" passed="1" failed="0" skipped="0">
  <reporter-output>
  </reporter-output>
  <suite started-at="2025-01-23T12:21:12 CST" name="Default suite" finished-at="2025-01-23T12:21:26 CST" duration-ms="14126">
    <groups>
    </groups>
    <test started-at="2025-01-23T12:21:12 CST" name="Default test" finished-at="2025-01-23T12:21:26 CST" duration-ms="14126">
      <class name="actionclass.Keyboardfunctions">
        <test-method is-config="true" signature="beforeTest()[pri:0, instance:actionclass.Keyboardfunctions@6cf0e0ba]" started-at="2025-01-23T12:21:12 CST" name="beforeTest" finished-at="2025-01-23T12:21:21 CST" duration-ms="9252" status="PASS">
          <reporter-output>
          </reporter-output>
        </test-method> <!-- beforeTest -->
        <test-method signature="keyboardfunctions()[pri:0, instance:actionclass.Keyboardfunctions@6cf0e0ba]" started-at="2025-01-23T12:21:21 CST" name="keyboardfunctions" finished-at="2025-01-23T12:21:26 CST" duration-ms="4859" status="PASS">
          <reporter-output>
          </reporter-output>
        </test-method> <!-- keyboardfunctions -->
      </class> <!-- actionclass.Keyboardfunctions -->
    </test> <!-- Default test -->
  </suite> <!-- Default suite -->
</testng-results>
